This is pdfTeX, Version 3.141592653-2.6-1.40.26 (TeX Live 2024) (preloaded format=pdflatex 2024.11.29)  14 JAN 2025 19:04
entering extended mode
 restricted \write18 enabled.
 %&-line parsing enabled.
**sp_st_stats_M2.tex
(./sp_st_stats_M2.tex
LaTeX2e <2024-11-01> patch level 1
L3 programming layer <2024-11-02>
(/home/balglave/.TinyTeX/texmf-dist/tex/latex/beamer/beamer.cls
Document Class: beamer 2024/01/06 v3.71 A class for typesetting presentations
(/home/balglave/.TinyTeX/texmf-dist/tex/latex/beamer/beamerbasemodes.sty (/home/balglave/.TinyTeX/texmf-dist/tex/latex/etoolbox/etoolbox.sty
Package: etoolbox 2020/10/05 v2.5k e-TeX tools for LaTeX (JAW)
\etb@tempcnta=\count196
)
\beamer@tempbox=\box52
\beamer@tempcount=\count197
\c@beamerpauses=\count198
(/home/balglave/.TinyTeX/texmf-dist/tex/latex/beamer/beamerbasedecode.sty
\beamer@slideinframe=\count199
\beamer@minimum=\count266
\beamer@decode@box=\box53
)
\beamer@commentbox=\box54
\beamer@modecount=\count267
) (/home/balglave/.TinyTeX/texmf-dist/tex/generic/iftex/iftex.sty
Package: iftex 2022/02/03 v1.0f TeX engine tests
)
\headdp=\dimen141
\footheight=\dimen142
\sidebarheight=\dimen143
\beamer@tempdim=\dimen144
\beamer@finalheight=\dimen145
\beamer@animht=\dimen146
\beamer@animdp=\dimen147
\beamer@animwd=\dimen148
\beamer@leftmargin=\dimen149
\beamer@rightmargin=\dimen150
\beamer@leftsidebar=\dimen151
\beamer@rightsidebar=\dimen152
\beamer@boxsize=\dimen153
\beamer@vboxoffset=\dimen154
\beamer@descdefault=\dimen155
\beamer@descriptionwidth=\dimen156
\beamer@lastskip=\skip49
\beamer@areabox=\box55
\beamer@animcurrent=\box56
\beamer@animshowbox=\box57
\beamer@sectionbox=\box58
\beamer@logobox=\box59
\beamer@linebox=\box60
\beamer@sectioncount=\count268
\beamer@subsubsectionmax=\count269
\beamer@subsectionmax=\count270
\beamer@sectionmax=\count271
\beamer@totalheads=\count272
\beamer@headcounter=\count273
\beamer@partstartpage=\count274
\beamer@sectionstartpage=\count275
\beamer@subsectionstartpage=\count276
\beamer@animationtempa=\count277
\beamer@animationtempb=\count278
\beamer@xpos=\count279
\beamer@ypos=\count280
\beamer@ypos@offset=\count281
\beamer@showpartnumber=\count282
\beamer@currentsubsection=\count283
\beamer@coveringdepth=\count284
\beamer@sectionadjust=\count285
\beamer@toclastsection=\count286
\beamer@tocsectionnumber=\count287
(/home/balglave/.TinyTeX/texmf-dist/tex/latex/beamer/beamerbaseoptions.sty (/home/balglave/.TinyTeX/texmf-dist/tex/latex/graphics/keyval.sty
Package: keyval 2022/05/29 v1.15 key=value parser (DPC)
\KV@toks@=\toks17
))
\beamer@paperwidth=\skip50
\beamer@paperheight=\skip51
(/home/balglave/.TinyTeX/texmf-dist/tex/latex/geometry/geometry.sty
Package: geometry 2020/01/02 v5.9 Page Geometry
(/home/balglave/.TinyTeX/texmf-dist/tex/generic/iftex/ifvtex.sty
Package: ifvtex 2019/10/25 v1.7 ifvtex legacy package. Use iftex instead.
)
\Gm@cnth=\count288
\Gm@cntv=\count289
\c@Gm@tempcnt=\count290
\Gm@bindingoffset=\dimen157
\Gm@wd@mp=\dimen158
\Gm@odd@mp=\dimen159
\Gm@even@mp=\dimen160
\Gm@layoutwidth=\dimen161
\Gm@layoutheight=\dimen162
\Gm@layouthoffset=\dimen163
\Gm@layoutvoffset=\dimen164
\Gm@dimlist=\toks18
) (/home/balglave/.TinyTeX/texmf-dist/tex/latex/pgf/math/pgfmath.sty (/home/balglave/.TinyTeX/texmf-dist/tex/latex/pgf/utilities/pgfrcs.sty (/home/balglave/.TinyTeX/texmf-dist/tex/generic/pgf/utilities/pgfutil-common.tex
\pgfutil@everybye=\toks19
\pgfutil@tempdima=\dimen165
\pgfutil@tempdimb=\dimen166
) (/home/balglave/.TinyTeX/texmf-dist/tex/generic/pgf/utilities/pgfutil-latex.def
\pgfutil@abb=\box61
) (/home/balglave/.TinyTeX/texmf-dist/tex/generic/pgf/utilities/pgfrcs.code.tex (/home/balglave/.TinyTeX/texmf-dist/tex/generic/pgf/pgf.revision.tex)
Package: pgfrcs 2023-01-15 v3.1.10 (3.1.10)
)) (/home/balglave/.TinyTeX/texmf-dist/tex/latex/pgf/utilities/pgfkeys.sty (/home/balglave/.TinyTeX/texmf-dist/tex/generic/pgf/utilities/pgfkeys.code.tex
\pgfkeys@pathtoks=\toks20
\pgfkeys@temptoks=\toks21
(/home/balglave/.TinyTeX/texmf-dist/tex/generic/pgf/utilities/pgfkeyslibraryfiltered.code.tex
\pgfkeys@tmptoks=\toks22
))) (/home/balglave/.TinyTeX/texmf-dist/tex/generic/pgf/math/pgfmath.code.tex (/home/balglave/.TinyTeX/texmf-dist/tex/generic/pgf/math/pgfmathutil.code.tex
\pgf@x=\dimen167
\pgf@xa=\dimen168
\pgf@xb=\dimen169
\pgf@xc=\dimen170
\pgf@y=\dimen171
\pgf@ya=\dimen172
\pgf@yb=\dimen173
\pgf@yc=\dimen174
\c@pgf@counta=\count291
\c@pgf@countb=\count292
\c@pgf@countc=\count293
\c@pgf@countd=\count294
) (/home/balglave/.TinyTeX/texmf-dist/tex/generic/pgf/math/pgfmathparser.code.tex
\pgfmath@dimen=\dimen175
\pgfmath@count=\count295
\pgfmath@box=\box62
\pgfmath@toks=\toks23
\pgfmath@stack@operand=\toks24
\pgfmath@stack@operation=\toks25
) (/home/balglave/.TinyTeX/texmf-dist/tex/generic/pgf/math/pgfmathfunctions.code.tex) (/home/balglave/.TinyTeX/texmf-dist/tex/generic/pgf/math/pgfmathfunctions.basic.code.tex) (/home/balglave/.TinyTeX/texmf-dist/tex/generic/pgf/math/pgfmathfunctions.trigonometric.code.tex) (/home/balglave/.TinyTeX/texmf-dist/tex/generic/pgf/math/pgfmathfunctions.random.code.tex) (/home/balglave/.TinyTeX/texmf-dist/tex/generic/pgf/math/pgfmathfunctions.comparison.code.tex) (/home/balglave/.TinyTeX/texmf-dist/tex/generic/pgf/math/pgfmathfunctions.base.code.tex) (/home/balglave/.TinyTeX/texmf-dist/tex/generic/pgf/math/pgfmathfunctions.round.code.tex) (/home/balglave/.TinyTeX/texmf-dist/tex/generic/pgf/math/pgfmathfunctions.misc.code.tex) (/home/balglave/.TinyTeX/texmf-dist/tex/generic/pgf/math/pgfmathfunctions.integerarithmetics.code.tex) (/home/balglave/.TinyTeX/texmf-dist/tex/generic/pgf/math/pgfmathcalc.code.tex) (/home/balglave/.TinyTeX/texmf-dist/tex/generic/pgf/math/pgfmathfloat.code.tex
\c@pgfmathroundto@lastzeros=\count296
))) (/home/balglave/.TinyTeX/texmf-dist/tex/latex/base/size11.clo
File: size11.clo 2024/06/29 v1.4n Standard LaTeX file (size option)
) (/home/balglave/.TinyTeX/texmf-dist/tex/latex/pgf/basiclayer/pgfcore.sty (/home/balglave/.TinyTeX/texmf-dist/tex/latex/graphics/graphicx.sty
Package: graphicx 2021/09/16 v1.2d Enhanced LaTeX Graphics (DPC,SPQR)
(/home/balglave/.TinyTeX/texmf-dist/tex/latex/graphics/graphics.sty
Package: graphics 2024/08/06 v1.4g Standard LaTeX Graphics (DPC,SPQR)
(/home/balglave/.TinyTeX/texmf-dist/tex/latex/graphics/trig.sty
Package: trig 2023/12/02 v1.11 sin cos tan (DPC)
) (/home/balglave/.TinyTeX/texmf-dist/tex/latex/graphics-cfg/graphics.cfg
File: graphics.cfg 2016/06/04 v1.11 sample graphics configuration
)
Package graphics Info: Driver file: pdftex.def on input line 106.
(/home/balglave/.TinyTeX/texmf-dist/tex/latex/graphics-def/pdftex.def
File: pdftex.def 2024/04/13 v1.2c Graphics/color driver for pdftex
))
\Gin@req@height=\dimen176
\Gin@req@width=\dimen177
) (/home/balglave/.TinyTeX/texmf-dist/tex/latex/pgf/systemlayer/pgfsys.sty (/home/balglave/.TinyTeX/texmf-dist/tex/generic/pgf/systemlayer/pgfsys.code.tex
Package: pgfsys 2023-01-15 v3.1.10 (3.1.10)
\pgf@x=\dimen178
\pgf@y=\dimen179
\pgf@xa=\dimen180
\pgf@ya=\dimen181
\pgf@xb=\dimen182
\pgf@yb=\dimen183
\pgf@xc=\dimen184
\pgf@yc=\dimen185
\pgf@xd=\dimen186
\pgf@yd=\dimen187
\w@pgf@writea=\write3
\r@pgf@reada=\read2
\c@pgf@counta=\count297
\c@pgf@countb=\count298
\c@pgf@countc=\count299
\c@pgf@countd=\count300
\t@pgf@toka=\toks26
\t@pgf@tokb=\toks27
\t@pgf@tokc=\toks28
\pgf@sys@id@count=\count301
(/home/balglave/.TinyTeX/texmf-dist/tex/generic/pgf/systemlayer/pgf.cfg
File: pgf.cfg 2023-01-15 v3.1.10 (3.1.10)
)
Driver file for pgf: pgfsys-pdftex.def
(/home/balglave/.TinyTeX/texmf-dist/tex/generic/pgf/systemlayer/pgfsys-pdftex.def
File: pgfsys-pdftex.def 2023-01-15 v3.1.10 (3.1.10)
(/home/balglave/.TinyTeX/texmf-dist/tex/generic/pgf/systemlayer/pgfsys-common-pdf.def
File: pgfsys-common-pdf.def 2023-01-15 v3.1.10 (3.1.10)
))) (/home/balglave/.TinyTeX/texmf-dist/tex/generic/pgf/systemlayer/pgfsyssoftpath.code.tex
File: pgfsyssoftpath.code.tex 2023-01-15 v3.1.10 (3.1.10)
\pgfsyssoftpath@smallbuffer@items=\count302
\pgfsyssoftpath@bigbuffer@items=\count303
) (/home/balglave/.TinyTeX/texmf-dist/tex/generic/pgf/systemlayer/pgfsysprotocol.code.tex
File: pgfsysprotocol.code.tex 2023-01-15 v3.1.10 (3.1.10)
)) (/home/balglave/.TinyTeX/texmf-dist/tex/latex/xcolor/xcolor.sty
Package: xcolor 2024/09/29 v3.02 LaTeX color extensions (UK)
(/home/balglave/.TinyTeX/texmf-dist/tex/latex/graphics-cfg/color.cfg
File: color.cfg 2016/01/02 v1.6 sample color configuration
)
Package xcolor Info: Driver file: pdftex.def on input line 274.
(/home/balglave/.TinyTeX/texmf-dist/tex/latex/graphics/mathcolor.ltx)
Package xcolor Info: Model `cmy' substituted by `cmy0' on input line 1349.
Package xcolor Info: Model `hsb' substituted by `rgb' on input line 1353.
Package xcolor Info: Model `RGB' extended on input line 1365.
Package xcolor Info: Model `HTML' substituted by `rgb' on input line 1367.
Package xcolor Info: Model `Hsb' substituted by `hsb' on input line 1368.
Package xcolor Info: Model `tHsb' substituted by `hsb' on input line 1369.
Package xcolor Info: Model `HSB' substituted by `hsb' on input line 1370.
Package xcolor Info: Model `Gray' substituted by `gray' on input line 1371.
Package xcolor Info: Model `wave' substituted by `hsb' on input line 1372.
) (/home/balglave/.TinyTeX/texmf-dist/tex/generic/pgf/basiclayer/pgfcore.code.tex
Package: pgfcore 2023-01-15 v3.1.10 (3.1.10)
(/home/balglave/.TinyTeX/texmf-dist/tex/generic/pgf/math/pgfint.code.tex) (/home/balglave/.TinyTeX/texmf-dist/tex/generic/pgf/basiclayer/pgfcorepoints.code.tex
File: pgfcorepoints.code.tex 2023-01-15 v3.1.10 (3.1.10)
\pgf@picminx=\dimen188
\pgf@picmaxx=\dimen189
\pgf@picminy=\dimen190
\pgf@picmaxy=\dimen191
\pgf@pathminx=\dimen192
\pgf@pathmaxx=\dimen193
\pgf@pathminy=\dimen194
\pgf@pathmaxy=\dimen195
\pgf@xx=\dimen196
\pgf@xy=\dimen197
\pgf@yx=\dimen198
\pgf@yy=\dimen199
\pgf@zx=\dimen256
\pgf@zy=\dimen257
) (/home/balglave/.TinyTeX/texmf-dist/tex/generic/pgf/basiclayer/pgfcorepathconstruct.code.tex
File: pgfcorepathconstruct.code.tex 2023-01-15 v3.1.10 (3.1.10)
\pgf@path@lastx=\dimen258
\pgf@path@lasty=\dimen259
) (/home/balglave/.TinyTeX/texmf-dist/tex/generic/pgf/basiclayer/pgfcorepathusage.code.tex
File: pgfcorepathusage.code.tex 2023-01-15 v3.1.10 (3.1.10)
\pgf@shorten@end@additional=\dimen260
\pgf@shorten@start@additional=\dimen261
) (/home/balglave/.TinyTeX/texmf-dist/tex/generic/pgf/basiclayer/pgfcorescopes.code.tex
File: pgfcorescopes.code.tex 2023-01-15 v3.1.10 (3.1.10)
\pgfpic=\box63
\pgf@hbox=\box64
\pgf@layerbox@main=\box65
\pgf@picture@serial@count=\count304
) (/home/balglave/.TinyTeX/texmf-dist/tex/generic/pgf/basiclayer/pgfcoregraphicstate.code.tex
File: pgfcoregraphicstate.code.tex 2023-01-15 v3.1.10 (3.1.10)
\pgflinewidth=\dimen262
) (/home/balglave/.TinyTeX/texmf-dist/tex/generic/pgf/basiclayer/pgfcoretransformations.code.tex
File: pgfcoretransformations.code.tex 2023-01-15 v3.1.10 (3.1.10)
\pgf@pt@x=\dimen263
\pgf@pt@y=\dimen264
\pgf@pt@temp=\dimen265
) (/home/balglave/.TinyTeX/texmf-dist/tex/generic/pgf/basiclayer/pgfcorequick.code.tex
File: pgfcorequick.code.tex 2023-01-15 v3.1.10 (3.1.10)
) (/home/balglave/.TinyTeX/texmf-dist/tex/generic/pgf/basiclayer/pgfcoreobjects.code.tex
File: pgfcoreobjects.code.tex 2023-01-15 v3.1.10 (3.1.10)
) (/home/balglave/.TinyTeX/texmf-dist/tex/generic/pgf/basiclayer/pgfcorepathprocessing.code.tex
File: pgfcorepathprocessing.code.tex 2023-01-15 v3.1.10 (3.1.10)
) (/home/balglave/.TinyTeX/texmf-dist/tex/generic/pgf/basiclayer/pgfcorearrows.code.tex
File: pgfcorearrows.code.tex 2023-01-15 v3.1.10 (3.1.10)
\pgfarrowsep=\dimen266
) (/home/balglave/.TinyTeX/texmf-dist/tex/generic/pgf/basiclayer/pgfcoreshade.code.tex
File: pgfcoreshade.code.tex 2023-01-15 v3.1.10 (3.1.10)
\pgf@max=\dimen267
\pgf@sys@shading@range@num=\count305
\pgf@shadingcount=\count306
) (/home/balglave/.TinyTeX/texmf-dist/tex/generic/pgf/basiclayer/pgfcoreimage.code.tex
File: pgfcoreimage.code.tex 2023-01-15 v3.1.10 (3.1.10)
) (/home/balglave/.TinyTeX/texmf-dist/tex/generic/pgf/basiclayer/pgfcoreexternal.code.tex
File: pgfcoreexternal.code.tex 2023-01-15 v3.1.10 (3.1.10)
\pgfexternal@startupbox=\box66
) (/home/balglave/.TinyTeX/texmf-dist/tex/generic/pgf/basiclayer/pgfcorelayers.code.tex
File: pgfcorelayers.code.tex 2023-01-15 v3.1.10 (3.1.10)
) (/home/balglave/.TinyTeX/texmf-dist/tex/generic/pgf/basiclayer/pgfcoretransparency.code.tex
File: pgfcoretransparency.code.tex 2023-01-15 v3.1.10 (3.1.10)
) (/home/balglave/.TinyTeX/texmf-dist/tex/generic/pgf/basiclayer/pgfcorepatterns.code.tex
File: pgfcorepatterns.code.tex 2023-01-15 v3.1.10 (3.1.10)
) (/home/balglave/.TinyTeX/texmf-dist/tex/generic/pgf/basiclayer/pgfcorerdf.code.tex
File: pgfcorerdf.code.tex 2023-01-15 v3.1.10 (3.1.10)
))) (/home/balglave/.TinyTeX/texmf-dist/tex/latex/pgf/utilities/xxcolor.sty
Package: xxcolor 2003/10/24 ver 0.1
\XC@nummixins=\count307
\XC@countmixins=\count308
) (/home/balglave/.TinyTeX/texmf-dist/tex/latex/base/atbegshi-ltx.sty
Package: atbegshi-ltx 2021/01/10 v1.0c Emulation of the original atbegshi
package with kernel methods
) (/home/balglave/.TinyTeX/texmf-dist/tex/latex/hyperref/hyperref.sty
Package: hyperref 2024-11-05 v7.01l Hypertext links for LaTeX
(/home/balglave/.TinyTeX/texmf-dist/tex/latex/kvsetkeys/kvsetkeys.sty
Package: kvsetkeys 2022-10-05 v1.19 Key value parser (HO)
) (/home/balglave/.TinyTeX/texmf-dist/tex/generic/kvdefinekeys/kvdefinekeys.sty
Package: kvdefinekeys 2019-12-19 v1.6 Define keys (HO)
) (/home/balglave/.TinyTeX/texmf-dist/tex/generic/pdfescape/pdfescape.sty
Package: pdfescape 2019/12/09 v1.15 Implements pdfTeX's escape features (HO)
(/home/balglave/.TinyTeX/texmf-dist/tex/generic/ltxcmds/ltxcmds.sty
Package: ltxcmds 2023-12-04 v1.26 LaTeX kernel commands for general use (HO)
) (/home/balglave/.TinyTeX/texmf-dist/tex/generic/pdftexcmds/pdftexcmds.sty
Package: pdftexcmds 2020-06-27 v0.33 Utility functions of pdfTeX for LuaTeX (HO)
(/home/balglave/.TinyTeX/texmf-dist/tex/generic/infwarerr/infwarerr.sty
Package: infwarerr 2019/12/03 v1.5 Providing info/warning/error messages (HO)
)
Package pdftexcmds Info: \pdf@primitive is available.
Package pdftexcmds Info: \pdf@ifprimitive is available.
Package pdftexcmds Info: \pdfdraftmode found.
)) (/home/balglave/.TinyTeX/texmf-dist/tex/latex/hycolor/hycolor.sty
Package: hycolor 2020-01-27 v1.10 Color options for hyperref/bookmark (HO)
) (/home/balglave/.TinyTeX/texmf-dist/tex/latex/hyperref/nameref.sty
Package: nameref 2023-11-26 v2.56 Cross-referencing by name of section
(/home/balglave/.TinyTeX/texmf-dist/tex/latex/refcount/refcount.sty
Package: refcount 2019/12/15 v3.6 Data extraction from label references (HO)
) (/home/balglave/.TinyTeX/texmf-dist/tex/generic/gettitlestring/gettitlestring.sty
Package: gettitlestring 2019/12/15 v1.6 Cleanup title references (HO)
(/home/balglave/.TinyTeX/texmf-dist/tex/latex/kvoptions/kvoptions.sty
Package: kvoptions 2022-06-15 v3.15 Key value format for package options (HO)
))
\c@section@level=\count309
) (/home/balglave/.TinyTeX/texmf-dist/tex/generic/stringenc/stringenc.sty
Package: stringenc 2019/11/29 v1.12 Convert strings between diff. encodings (HO)
)
\@linkdim=\dimen268
\Hy@linkcounter=\count310
\Hy@pagecounter=\count311
(/home/balglave/.TinyTeX/texmf-dist/tex/latex/hyperref/pd1enc.def
File: pd1enc.def 2024-11-05 v7.01l Hyperref: PDFDocEncoding definition (HO)
Now handling font encoding PD1 ...
... no UTF-8 mapping file for font encoding PD1
) (/home/balglave/.TinyTeX/texmf-dist/tex/generic/intcalc/intcalc.sty
Package: intcalc 2019/12/15 v1.3 Expandable calculations with integers (HO)
)
\Hy@SavedSpaceFactor=\count312
(/home/balglave/.TinyTeX/texmf-dist/tex/latex/hyperref/puenc.def
File: puenc.def 2024-11-05 v7.01l Hyperref: PDF Unicode definition (HO)
Now handling font encoding PU ...
... no UTF-8 mapping file for font encoding PU
)
Package hyperref Info: Option `unicode' set `true' on input line 4040.
Package hyperref Info: Option `bookmarks' set `true' on input line 4040.
Package hyperref Info: Option `bookmarksopen' set `true' on input line 4040.
Package hyperref Info: Option `implicit' set `false' on input line 4040.
Package hyperref Info: Hyper figures OFF on input line 4157.
Package hyperref Info: Link nesting OFF on input line 4162.
Package hyperref Info: Hyper index ON on input line 4165.
Package hyperref Info: Plain pages OFF on input line 4172.
Package hyperref Info: Backreferencing OFF on input line 4177.
Package hyperref Info: Implicit mode OFF; no redefinition of LaTeX internals.
Package hyperref Info: Bookmarks ON on input line 4424.
\c@Hy@tempcnt=\count313
(/home/balglave/.TinyTeX/texmf-dist/tex/latex/url/url.sty
\Urlmuskip=\muskip17
Package: url 2013/09/16  ver 3.4  Verb mode for urls, etc.
)
LaTeX Info: Redefining \url on input line 4763.
\XeTeXLinkMargin=\dimen269
(/home/balglave/.TinyTeX/texmf-dist/tex/generic/bitset/bitset.sty
Package: bitset 2019/12/09 v1.3 Handle bit-vector datatype (HO)
(/home/balglave/.TinyTeX/texmf-dist/tex/generic/bigintcalc/bigintcalc.sty
Package: bigintcalc 2019/12/15 v1.5 Expandable calculations on big integers (HO)
))
\Fld@menulength=\count314
\Field@Width=\dimen270
\Fld@charsize=\dimen271
Package hyperref Info: Hyper figures OFF on input line 6042.
Package hyperref Info: Link nesting OFF on input line 6047.
Package hyperref Info: Hyper index ON on input line 6050.
Package hyperref Info: backreferencing OFF on input line 6057.
Package hyperref Info: Link coloring OFF on input line 6062.
Package hyperref Info: Link coloring with OCG OFF on input line 6067.
Package hyperref Info: PDF/A mode OFF on input line 6072.
\Hy@abspage=\count315

Package hyperref Message: Stopped early.

)
Package hyperref Info: Driver (autodetected): hpdftex.
(/home/balglave/.TinyTeX/texmf-dist/tex/latex/hyperref/hpdftex.def
File: hpdftex.def 2024-11-05 v7.01l Hyperref driver for pdfTeX
(/home/balglave/.TinyTeX/texmf-dist/tex/latex/base/atveryend-ltx.sty
Package: atveryend-ltx 2020/08/19 v1.0a Emulation of the original atveryend package
with kernel methods
)
\Fld@listcount=\count316
\c@bookmark@seq@number=\count317
(/home/balglave/.TinyTeX/texmf-dist/tex/latex/rerunfilecheck/rerunfilecheck.sty
Package: rerunfilecheck 2022-07-10 v1.10 Rerun checks for auxiliary files (HO)
(/home/balglave/.TinyTeX/texmf-dist/tex/generic/uniquecounter/uniquecounter.sty
Package: uniquecounter 2019/12/15 v1.4 Provide unlimited unique counter (HO)
)
Package uniquecounter Info: New unique counter `rerunfilecheck' on input line 285.
)) (/home/balglave/.TinyTeX/texmf-dist/tex/latex/beamer/beamerbaserequires.sty (/home/balglave/.TinyTeX/texmf-dist/tex/latex/beamer/beamerbasecompatibility.sty) (/home/balglave/.TinyTeX/texmf-dist/tex/latex/beamer/beamerbasefont.sty (/home/balglave/.TinyTeX/texmf-dist/tex/latex/amsfonts/amssymb.sty
Package: amssymb 2013/01/14 v3.01 AMS font symbols
(/home/balglave/.TinyTeX/texmf-dist/tex/latex/amsfonts/amsfonts.sty
Package: amsfonts 2013/01/14 v3.01 Basic AMSFonts support
\@emptytoks=\toks29
\symAMSa=\mathgroup4
\symAMSb=\mathgroup5
LaTeX Font Info:    Redeclaring math symbol \hbar on input line 98.
LaTeX Font Info:    Overwriting math alphabet `\mathfrak' in version `bold'
(Font)                  U/euf/m/n --> U/euf/b/n on input line 106.
))) (/home/balglave/.TinyTeX/texmf-dist/tex/latex/beamer/beamerbasetranslator.sty (/home/balglave/.TinyTeX/texmf-dist/tex/latex/translator/translator.sty
Package: translator 2021-05-31 v1.12d Easy translation of strings in LaTeX
)) (/home/balglave/.TinyTeX/texmf-dist/tex/latex/beamer/beamerbasemisc.sty) (/home/balglave/.TinyTeX/texmf-dist/tex/latex/beamer/beamerbasetwoscreens.sty) (/home/balglave/.TinyTeX/texmf-dist/tex/latex/beamer/beamerbaseoverlay.sty
\beamer@argscount=\count318
\beamer@lastskipcover=\skip52
\beamer@trivlistdepth=\count319
) (/home/balglave/.TinyTeX/texmf-dist/tex/latex/beamer/beamerbasetitle.sty) (/home/balglave/.TinyTeX/texmf-dist/tex/latex/beamer/beamerbasesection.sty
\c@lecture=\count320
\c@part=\count321
\c@section=\count322
\c@subsection=\count323
\c@subsubsection=\count324
) (/home/balglave/.TinyTeX/texmf-dist/tex/latex/beamer/beamerbaseframe.sty
\beamer@framebox=\box67
\beamer@frametitlebox=\box68
\beamer@zoombox=\box69
\beamer@zoomcount=\count325
\beamer@zoomframecount=\count326
\beamer@frametextheight=\dimen272
\c@subsectionslide=\count327
\beamer@frametopskip=\skip53
\beamer@framebottomskip=\skip54
\beamer@frametopskipautobreak=\skip55
\beamer@framebottomskipautobreak=\skip56
\beamer@envbody=\toks30
\framewidth=\dimen273
\c@framenumber=\count328
) (/home/balglave/.TinyTeX/texmf-dist/tex/latex/beamer/beamerbaseverbatim.sty
\beamer@verbatimfileout=\write4
) (/home/balglave/.TinyTeX/texmf-dist/tex/latex/beamer/beamerbaseframesize.sty
\beamer@splitbox=\box70
\beamer@autobreakcount=\count329
\beamer@autobreaklastheight=\dimen274
\beamer@frametitletoks=\toks31
\beamer@framesubtitletoks=\toks32
) (/home/balglave/.TinyTeX/texmf-dist/tex/latex/beamer/beamerbaseframecomponents.sty
\beamer@footins=\box71
) (/home/balglave/.TinyTeX/texmf-dist/tex/latex/beamer/beamerbasecolor.sty) (/home/balglave/.TinyTeX/texmf-dist/tex/latex/beamer/beamerbasenotes.sty
\beamer@frameboxcopy=\box72
) (/home/balglave/.TinyTeX/texmf-dist/tex/latex/beamer/beamerbasetoc.sty) (/home/balglave/.TinyTeX/texmf-dist/tex/latex/beamer/beamerbasetemplates.sty
\beamer@sbttoks=\toks33
(/home/balglave/.TinyTeX/texmf-dist/tex/latex/beamer/beamerbaseauxtemplates.sty (/home/balglave/.TinyTeX/texmf-dist/tex/latex/beamer/beamerbaseboxes.sty
\bmb@box=\box73
\bmb@colorbox=\box74
\bmb@boxwidth=\dimen275
\bmb@boxheight=\dimen276
\bmb@prevheight=\dimen277
\bmb@temp=\dimen278
\bmb@dima=\dimen279
\bmb@dimb=\dimen280
\bmb@prevheight=\dimen281
)
\beamer@blockheadheight=\dimen282
)) (/home/balglave/.TinyTeX/texmf-dist/tex/latex/beamer/beamerbaselocalstructure.sty (/home/balglave/.TinyTeX/texmf-dist/tex/latex/tools/enumerate.sty
Package: enumerate 2023/07/04 v3.00 enumerate extensions (DPC)
\@enLab=\toks34
)
\beamer@bibiconwidth=\skip57
\c@figure=\count330
\c@table=\count331
\abovecaptionskip=\skip58
\belowcaptionskip=\skip59
) (/home/balglave/.TinyTeX/texmf-dist/tex/latex/beamer/beamerbasenavigation.sty (/home/balglave/.TinyTeX/texmf-dist/tex/latex/beamer/beamerbasenavigationsymbols.tex)
\beamer@section@min@dim=\dimen283
) (/home/balglave/.TinyTeX/texmf-dist/tex/latex/beamer/beamerbasetheorems.sty (/home/balglave/.TinyTeX/texmf-dist/tex/latex/amsmath/amsmath.sty
Package: amsmath 2024/11/05 v2.17t AMS math features
\@mathmargin=\skip60
For additional information on amsmath, use the `?' option.
(/home/balglave/.TinyTeX/texmf-dist/tex/latex/amsmath/amstext.sty
Package: amstext 2021/08/26 v2.01 AMS text
(/home/balglave/.TinyTeX/texmf-dist/tex/latex/amsmath/amsgen.sty
File: amsgen.sty 1999/11/30 v2.0 generic functions
\@emptytoks=\toks35
\ex@=\dimen284
)) (/home/balglave/.TinyTeX/texmf-dist/tex/latex/amsmath/amsbsy.sty
Package: amsbsy 1999/11/29 v1.2d Bold Symbols
\pmbraise@=\dimen285
) (/home/balglave/.TinyTeX/texmf-dist/tex/latex/amsmath/amsopn.sty
Package: amsopn 2022/04/08 v2.04 operator names
)
\inf@bad=\count332
LaTeX Info: Redefining \frac on input line 233.
\uproot@=\count333
\leftroot@=\count334
LaTeX Info: Redefining \overline on input line 398.
LaTeX Info: Redefining \colon on input line 409.
\classnum@=\count335
\DOTSCASE@=\count336
LaTeX Info: Redefining \ldots on input line 495.
LaTeX Info: Redefining \dots on input line 498.
LaTeX Info: Redefining \cdots on input line 619.
\Mathstrutbox@=\box75
\strutbox@=\box76
LaTeX Info: Redefining \big on input line 721.
LaTeX Info: Redefining \Big on input line 722.
LaTeX Info: Redefining \bigg on input line 723.
LaTeX Info: Redefining \Bigg on input line 724.
\big@size=\dimen286
LaTeX Font Info:    Redeclaring font encoding OML on input line 742.
LaTeX Font Info:    Redeclaring font encoding OMS on input line 743.
\macc@depth=\count337
LaTeX Info: Redefining \bmod on input line 904.
LaTeX Info: Redefining \pmod on input line 909.
LaTeX Info: Redefining \smash on input line 939.
LaTeX Info: Redefining \relbar on input line 969.
LaTeX Info: Redefining \Relbar on input line 970.
\c@MaxMatrixCols=\count338
\dotsspace@=\muskip18
\c@parentequation=\count339
\dspbrk@lvl=\count340
\tag@help=\toks36
\row@=\count341
\column@=\count342
\maxfields@=\count343
\andhelp@=\toks37
\eqnshift@=\dimen287
\alignsep@=\dimen288
\tagshift@=\dimen289
\tagwidth@=\dimen290
\totwidth@=\dimen291
\lineht@=\dimen292
\@envbody=\toks38
\multlinegap=\skip61
\multlinetaggap=\skip62
\mathdisplay@stack=\toks39
LaTeX Info: Redefining \[ on input line 2953.
LaTeX Info: Redefining \] on input line 2954.
) (/home/balglave/.TinyTeX/texmf-dist/tex/latex/amscls/amsthm.sty
Package: amsthm 2020/05/29 v2.20.6
\thm@style=\toks40
\thm@bodyfont=\toks41
\thm@headfont=\toks42
\thm@notefont=\toks43
\thm@headpunct=\toks44
\thm@preskip=\skip63
\thm@postskip=\skip64
\thm@headsep=\skip65
\dth@everypar=\toks45
)
\c@theorem=\count344
) (/home/balglave/.TinyTeX/texmf-dist/tex/latex/beamer/beamerbasethemes.sty)) (/home/balglave/.TinyTeX/texmf-dist/tex/latex/beamer/beamerthemedefault.sty (/home/balglave/.TinyTeX/texmf-dist/tex/latex/beamer/beamerfontthemedefault.sty) (/home/balglave/.TinyTeX/texmf-dist/tex/latex/beamer/beamercolorthemedefault.sty) (/home/balglave/.TinyTeX/texmf-dist/tex/latex/beamer/beamerinnerthemedefault.sty
\beamer@dima=\dimen293
\beamer@dimb=\dimen294
) (/home/balglave/.TinyTeX/texmf-dist/tex/latex/beamer/beamerouterthemedefault.sty))) (/home/balglave/.TinyTeX/texmf-dist/tex/latex/pgf/utilities/pgfpages.sty
Package: pgfpages 2011/01/05 ver 0.02
(/home/balglave/.TinyTeX/texmf-dist/tex/latex/tools/calc.sty
Package: calc 2023/07/08 v4.3 Infix arithmetic (KKT,FJ)
\calc@Acount=\count345
\calc@Bcount=\count346
\calc@Adimen=\dimen295
\calc@Bdimen=\dimen296
\calc@Askip=\skip66
\calc@Bskip=\skip67
LaTeX Info: Redefining \setlength on input line 80.
LaTeX Info: Redefining \addtolength on input line 81.
\calc@Ccount=\count347
\calc@Cskip=\skip68
)
\pgf@logicalpages=\count348
\pgf@firstshipout=\count349
\pgf@lastshipout=\count350
\pgf@currentshipout=\count351
\pgf@cpn=\count352
\pgf@shipoutnextto=\count353
\pgfphysicalheight=\dimen297
\pgfphysicalwidth=\dimen298
\pgfpages@shipoutbox=\box77
) (/home/balglave/.TinyTeX/texmf-dist/tex/latex/base/fontenc.sty
Package: fontenc 2021/04/29 v2.0v Standard LaTeX package
) (/home/balglave/.TinyTeX/texmf-dist/tex/latex/base/inputenc.sty
Package: inputenc 2024/02/08 v1.3d Input encoding file
\inpenc@prehook=\toks46
\inpenc@posthook=\toks47
) (/home/balglave/.TinyTeX/texmf-dist/tex/latex/base/textcomp.sty
Package: textcomp 2024/04/24 v2.1b Standard LaTeX package
) (/home/balglave/.TinyTeX/texmf-dist/tex/latex/lm/lmodern.sty
Package: lmodern 2015/05/01 v1.6.1 Latin Modern Fonts
LaTeX Font Info:    Overwriting symbol font `operators' in version `normal'
(Font)                  OT1/cmr/m/n --> OT1/lmr/m/n on input line 22.
LaTeX Font Info:    Overwriting symbol font `letters' in version `normal'
(Font)                  OML/cmm/m/it --> OML/lmm/m/it on input line 23.
LaTeX Font Info:    Overwriting symbol font `symbols' in version `normal'
(Font)                  OMS/cmsy/m/n --> OMS/lmsy/m/n on input line 24.
LaTeX Font Info:    Overwriting symbol font `largesymbols' in version `normal'
(Font)                  OMX/cmex/m/n --> OMX/lmex/m/n on input line 25.
LaTeX Font Info:    Overwriting symbol font `operators' in version `bold'
(Font)                  OT1/cmr/bx/n --> OT1/lmr/bx/n on input line 26.
LaTeX Font Info:    Overwriting symbol font `letters' in version `bold'
(Font)                  OML/cmm/b/it --> OML/lmm/b/it on input line 27.
LaTeX Font Info:    Overwriting symbol font `symbols' in version `bold'
(Font)                  OMS/cmsy/b/n --> OMS/lmsy/b/n on input line 28.
LaTeX Font Info:    Overwriting symbol font `largesymbols' in version `bold'
(Font)                  OMX/cmex/m/n --> OMX/lmex/m/n on input line 29.
LaTeX Font Info:    Overwriting math alphabet `\mathbf' in version `normal'
(Font)                  OT1/cmr/bx/n --> OT1/lmr/bx/n on input line 31.
LaTeX Font Info:    Overwriting math alphabet `\mathsf' in version `normal'
(Font)                  OT1/cmss/m/n --> OT1/lmss/m/n on input line 32.
LaTeX Font Info:    Overwriting math alphabet `\mathit' in version `normal'
(Font)                  OT1/cmr/m/it --> OT1/lmr/m/it on input line 33.
LaTeX Font Info:    Overwriting math alphabet `\mathtt' in version `normal'
(Font)                  OT1/cmtt/m/n --> OT1/lmtt/m/n on input line 34.
LaTeX Font Info:    Overwriting math alphabet `\mathbf' in version `bold'
(Font)                  OT1/cmr/bx/n --> OT1/lmr/bx/n on input line 35.
LaTeX Font Info:    Overwriting math alphabet `\mathsf' in version `bold'
(Font)                  OT1/cmss/bx/n --> OT1/lmss/bx/n on input line 36.
LaTeX Font Info:    Overwriting math alphabet `\mathit' in version `bold'
(Font)                  OT1/cmr/bx/it --> OT1/lmr/bx/it on input line 37.
LaTeX Font Info:    Overwriting math alphabet `\mathtt' in version `bold'
(Font)                  OT1/cmtt/m/n --> OT1/lmtt/m/n on input line 38.
) (/home/balglave/.TinyTeX/texmf-dist/tex/latex/beamer/beamerthemeBoadilla.sty (/home/balglave/.TinyTeX/texmf-dist/tex/latex/beamer/beamercolorthemerose.sty) (/home/balglave/.TinyTeX/texmf-dist/tex/latex/beamer/beamerinnerthemerounded.sty) (/home/balglave/.TinyTeX/texmf-dist/tex/latex/beamer/beamercolorthemedolphin.sty) (/home/balglave/.TinyTeX/texmf-dist/tex/latex/beamer/beamerouterthemeinfolines.sty)) (/home/balglave/.TinyTeX/texmf-dist/tex/latex/fancyvrb/fancyvrb.sty
Package: fancyvrb 2024/01/20 4.5c verbatim text (tvz,hv)
\FV@CodeLineNo=\count354
\FV@InFile=\read3
\FV@TabBox=\box78
\c@FancyVerbLine=\count355
\FV@StepNumber=\count356
\FV@OutFile=\write5
) (/home/balglave/.TinyTeX/texmf-dist/tex/latex/framed/framed.sty
Package: framed 2011/10/22 v 0.96: framed or shaded text with page breaks
\OuterFrameSep=\skip69
\fb@frw=\dimen299
\fb@frh=\dimen300
\FrameRule=\dimen301
\FrameSep=\dimen302
) (/home/balglave/.TinyTeX/texmf-dist/tex/latex/graphics/rotating.sty
Package: rotating 2016/08/11 v2.16d rotated objects in LaTeX
(/home/balglave/.TinyTeX/texmf-dist/tex/latex/base/ifthen.sty
Package: ifthen 2024/03/16 v1.1e Standard LaTeX ifthen package (DPC)
)
\c@r@tfl@t=\count357
\rotFPtop=\skip70
\rotFPbot=\skip71
\rot@float@box=\box79
\rot@mess@toks=\toks48
) (/home/balglave/.TinyTeX/texmf-dist/tex/latex/caption/caption.sty
Package: caption 2023/08/05 v3.6o Customizing captions (AR)
(/home/balglave/.TinyTeX/texmf-dist/tex/latex/caption/caption3.sty
Package: caption3 2023/07/31 v2.4d caption3 kernel (AR)
\caption@tempdima=\dimen303
\captionmargin=\dimen304
\caption@leftmargin=\dimen305
\caption@rightmargin=\dimen306
\caption@width=\dimen307
\caption@indent=\dimen308
\caption@parindent=\dimen309
\caption@hangindent=\dimen310
Package caption Info: beamer document class detected.
(/home/balglave/.TinyTeX/texmf-dist/tex/latex/caption/caption-beamer.sto
File: caption-beamer.sto 2022/01/06 v2.0c Adaption of the caption package to the beamer document classes (AR)
))
\c@caption@flags=\count358
\c@continuedfloat=\count359
Package caption Info: hyperref package is loaded.
Package caption Info: Hyperref support is turned off
(caption)             because hyperref has stopped early.
Package caption Info: rotating package is loaded.
) (/home/balglave/.TinyTeX/texmf-dist/tex/generic/ulem/ulem.sty
\UL@box=\box80
\UL@hyphenbox=\box81
\UL@skip=\skip72
\UL@hook=\toks49
\UL@height=\dimen311
\UL@pe=\count360
\UL@pixel=\dimen312
\ULC@box=\box82
Package: ulem 2019/11/18
\ULdepth=\dimen313
) (/home/balglave/.TinyTeX/texmf-dist/tex/latex/wasysym/wasysym.sty
Package: wasysym 2020/01/19 v2.4 Wasy-2 symbol support package
\symwasy=\mathgroup6
LaTeX Font Info:    Overwriting symbol font `wasy' in version `bold'
(Font)                  U/wasy/m/n --> U/wasy/b/n on input line 93.
) (/home/balglave/.TinyTeX/texmf-dist/tex/generic/babel/babel.sty
Package: babel 2024/11/08 v24.13 The multilingual framework for pdfLaTeX, LuaLaTeX and XeLaTeX
\babel@savecnt=\count361
\U@D=\dimen314
\l@unhyphenated=\language7
(/home/balglave/.TinyTeX/texmf-dist/tex/generic/babel/txtbabel.def)
\bbl@readstream=\read4
LaTeX Info: Redefining \textlatin on input line 3835.
\bbl@dirlevel=\count362
(/home/balglave/.TinyTeX/texmf-dist/tex/generic/babel-english/english.ldf
Language: english 2017/06/06 v3.3r English support from the babel system
Package babel Info: Hyphen rules for 'canadian' set to \l@english
(babel)             (\language0). Reported on input line 102.
Package babel Info: Hyphen rules for 'australian' set to \l@ukenglish
(babel)             (\language5). Reported on input line 105.
Package babel Info: Hyphen rules for 'newzealand' set to \l@ukenglish
(babel)             (\language5). Reported on input line 108.
)) (/home/balglave/.TinyTeX/texmf-dist/tex/generic/babel/locale/en/babel-english.tex
Package babel Info: Importing font and identification data for english
(babel)             from babel-en.ini. Reported on input line 11.
) (/home/balglave/.TinyTeX/texmf-dist/tex/latex/psnfss/pifont.sty
Package: pifont 2020/03/25 PSNFSS-v9.3 Pi font support (SPQR) 
LaTeX Font Info:    Trying to load font information for U+pzd on input line 63.
(/home/balglave/.TinyTeX/texmf-dist/tex/latex/psnfss/upzd.fd
File: upzd.fd 2001/06/04 font definitions for U/pzd.
)
LaTeX Font Info:    Trying to load font information for U+psy on input line 64.
(/home/balglave/.TinyTeX/texmf-dist/tex/latex/psnfss/upsy.fd
File: upsy.fd 2001/06/04 font definitions for U/psy.
)) (/home/balglave/.TinyTeX/texmf-dist/tex/latex/biblatex/biblatex.sty
Package: biblatex 2024/03/21 v3.20 programmable bibliographies (PK/MW)
(/home/balglave/.TinyTeX/texmf-dist/tex/latex/logreq/logreq.sty
Package: logreq 2010/08/04 v1.0 xml request logger
\lrq@indent=\count363
(/home/balglave/.TinyTeX/texmf-dist/tex/latex/logreq/logreq.def
File: logreq.def 2010/08/04 v1.0 logreq spec v1.0
))
\c@tabx@nest=\count364
\c@listtotal=\count365
\c@listcount=\count366
\c@liststart=\count367
\c@liststop=\count368
\c@citecount=\count369
\c@citetotal=\count370
\c@multicitecount=\count371
\c@multicitetotal=\count372
\c@instcount=\count373
\c@maxnames=\count374
\c@minnames=\count375
\c@maxitems=\count376
\c@minitems=\count377
\c@citecounter=\count378
\c@maxcitecounter=\count379
\c@savedcitecounter=\count380
\c@uniquelist=\count381
\c@uniquename=\count382
\c@refsection=\count383
\c@refsegment=\count384
\c@maxextratitle=\count385
\c@maxextratitleyear=\count386
\c@maxextraname=\count387
\c@maxextradate=\count388
\c@maxextraalpha=\count389
\c@abbrvpenalty=\count390
\c@highnamepenalty=\count391
\c@lownamepenalty=\count392
\c@maxparens=\count393
\c@parenlevel=\count394
\blx@tempcnta=\count395
\blx@tempcntb=\count396
\blx@tempcntc=\count397
\c@blx@maxsection=\count398
\blx@maxsegment@0=\count399
\blx@notetype=\count400
\blx@parenlevel@text=\count401
\blx@parenlevel@foot=\count402
\blx@sectionciteorder@0=\count403
\blx@sectionciteorderinternal@0=\count404
\blx@entrysetcounter=\count405
\blx@biblioinstance=\count406
\labelnumberwidth=\skip73
\labelalphawidth=\skip74
\biblabelsep=\skip75
\bibitemsep=\skip76
\bibnamesep=\skip77
\bibinitsep=\skip78
\bibparsep=\skip79
\bibhang=\skip80
\blx@bcfin=\read5
\blx@bcfout=\write6
\blx@langwohyphens=\language8
\c@mincomprange=\count407
\c@maxcomprange=\count408
\c@mincompwidth=\count409
Package biblatex Info: Trying to load biblatex default data model...
Package biblatex Info: ... file 'blx-dm.def' found.
(/home/balglave/.TinyTeX/texmf-dist/tex/latex/biblatex/blx-dm.def
File: blx-dm.def 2024/03/21 v3.20 biblatex datamodel (PK/MW)
)
Package biblatex Info: Trying to load biblatex style data model...
Package biblatex Info: ... file 'authoryear.dbx' not found.
Package biblatex Info: Trying to load biblatex custom data model...
Package biblatex Info: ... file 'biblatex-dm.cfg' not found.
\c@afterword=\count410
\c@savedafterword=\count411
\c@annotator=\count412
\c@savedannotator=\count413
\c@author=\count414
\c@savedauthor=\count415
\c@bookauthor=\count416
\c@savedbookauthor=\count417
\c@commentator=\count418
\c@savedcommentator=\count419
\c@editor=\count420
\c@savededitor=\count421
\c@editora=\count422
\c@savededitora=\count423
\c@editorb=\count424
\c@savededitorb=\count425
\c@editorc=\count426
\c@savededitorc=\count427
\c@foreword=\count428
\c@savedforeword=\count429
\c@holder=\count430
\c@savedholder=\count431
\c@introduction=\count432
\c@savedintroduction=\count433
\c@namea=\count434
\c@savednamea=\count435
\c@nameb=\count436
\c@savednameb=\count437
\c@namec=\count438
\c@savednamec=\count439
\c@translator=\count440
\c@savedtranslator=\count441
\c@shortauthor=\count442
\c@savedshortauthor=\count443
\c@shorteditor=\count444
\c@savedshorteditor=\count445
\c@labelname=\count446
\c@savedlabelname=\count447
\c@institution=\count448
\c@savedinstitution=\count449
\c@lista=\count450
\c@savedlista=\count451
\c@listb=\count452
\c@savedlistb=\count453
\c@listc=\count454
\c@savedlistc=\count455
\c@listd=\count456
\c@savedlistd=\count457
\c@liste=\count458
\c@savedliste=\count459
\c@listf=\count460
\c@savedlistf=\count461
\c@location=\count462
\c@savedlocation=\count463
\c@organization=\count464
\c@savedorganization=\count465
\c@origlocation=\count466
\c@savedoriglocation=\count467
\c@origpublisher=\count468
\c@savedorigpublisher=\count469
\c@publisher=\count470
\c@savedpublisher=\count471
\c@language=\count472
\c@savedlanguage=\count473
\c@origlanguage=\count474
\c@savedoriglanguage=\count475
\c@pageref=\count476
\c@savedpageref=\count477
\shorthandwidth=\skip81
\shortjournalwidth=\skip82
\shortserieswidth=\skip83
\shorttitlewidth=\skip84
\shortauthorwidth=\skip85
\shorteditorwidth=\skip86
\locallabelnumberwidth=\skip87
\locallabelalphawidth=\skip88
\localshorthandwidth=\skip89
\localshortjournalwidth=\skip90
\localshortserieswidth=\skip91
\localshorttitlewidth=\skip92
\localshortauthorwidth=\skip93
\localshorteditorwidth=\skip94
Package biblatex Info: Trying to load compatibility code...
Package biblatex Info: ... file 'blx-compat.def' found.
(/home/balglave/.TinyTeX/texmf-dist/tex/latex/biblatex/blx-compat.def
File: blx-compat.def 2024/03/21 v3.20 biblatex compatibility (PK/MW)
)
Package biblatex Info: Trying to load generic definitions...
Package biblatex Info: ... file 'biblatex.def' found.
(/home/balglave/.TinyTeX/texmf-dist/tex/latex/biblatex/biblatex.def
File: biblatex.def 2024/03/21 v3.20 biblatex compatibility (PK/MW)
\c@textcitecount=\count478
\c@textcitetotal=\count479
\c@textcitemaxnames=\count480
\c@biburlbigbreakpenalty=\count481
\c@biburlbreakpenalty=\count482
\c@biburlnumpenalty=\count483
\c@biburlucpenalty=\count484
\c@biburllcpenalty=\count485
\biburlbigskip=\muskip19
\biburlnumskip=\muskip20
\biburlucskip=\muskip21
\biburllcskip=\muskip22
\c@smartand=\count486
)
Package biblatex Info: Trying to load bibliography style 'authoryear'...
Package biblatex Info: ... file 'authoryear.bbx' found.
(/home/balglave/.TinyTeX/texmf-dist/tex/latex/biblatex/bbx/authoryear.bbx
File: authoryear.bbx 2024/03/21 v3.20 biblatex bibliography style (PK/MW)
Package biblatex Info: Trying to load bibliography style 'standard'...
Package biblatex Info: ... file 'standard.bbx' found.
(/home/balglave/.TinyTeX/texmf-dist/tex/latex/biblatex/bbx/standard.bbx
File: standard.bbx 2024/03/21 v3.20 biblatex bibliography style (PK/MW)
\c@bbx:relatedcount=\count487
\c@bbx:relatedtotal=\count488
))
Package biblatex Info: Trying to load citation style 'authoryear'...
Package biblatex Info: ... file 'authoryear.cbx' found.
(/home/balglave/.TinyTeX/texmf-dist/tex/latex/biblatex/cbx/authoryear.cbx
File: authoryear.cbx 2024/03/21 v3.20 biblatex citation style (PK/MW)
Package biblatex Info: Redefining '\cite'.
Package biblatex Info: Redefining '\parencite'.
Package biblatex Info: Redefining '\footcite'.
Package biblatex Info: Redefining '\footcitetext'.
Package biblatex Info: Redefining '\smartcite'.
Package biblatex Info: Redefining '\textcite'.
Package biblatex Info: Redefining '\textcites'.
)
Package biblatex Info: Trying to load configuration file...
Package biblatex Info: ... file 'biblatex.cfg' found.
(/home/balglave/.TinyTeX/texmf-dist/tex/latex/biblatex/biblatex.cfg
File: biblatex.cfg 
)
Package biblatex Info: Input encoding 'utf8' detected.
Package biblatex Info: Document encoding is UTF8 ....
(/home/balglave/.TinyTeX/texmf-dist/tex/latex/l3kernel/expl3.sty
Package: expl3 2024-11-02 L3 programming layer (loader) 
(/home/balglave/.TinyTeX/texmf-dist/tex/latex/l3backend/l3backend-pdftex.def
File: l3backend-pdftex.def 2024-05-08 L3 backend support: PDF output (pdfTeX)
\l__color_backend_stack_int=\count489
\l__pdf_internal_box=\box83
))
Package biblatex Info: ... and expl3
(biblatex)             2024-11-02 L3 programming layer (loader) 
(biblatex)             is new enough (at least 2020/04/06),
(biblatex)             setting 'casechanger=expl3'.
(/home/balglave/.TinyTeX/texmf-dist/tex/latex/biblatex/blx-case-expl3.sty (/home/balglave/.TinyTeX/texmf-dist/tex/latex/l3packages/xparse/xparse.sty
Package: xparse 2024-08-16 L3 Experimental document command parser
)
Package: blx-case-expl3 2024/03/21 v3.20 expl3 case changing code for biblatex
)) (/home/balglave/.TinyTeX/texmf-dist/tex/latex/bookmark/bookmark.sty
Package: bookmark 2023-12-10 v1.31 PDF bookmarks (HO)
(/home/balglave/.TinyTeX/texmf-dist/tex/latex/bookmark/bkm-pdftex.def
File: bkm-pdftex.def 2023-12-10 v1.31 bookmark driver for pdfTeX and luaTeX (HO)
\BKM@id=\count490
))

Package biblatex Warning: 'babel/polyglossia' detected but 'csquotes' missing.
(biblatex)                Loading 'csquotes' recommended.

\@quotelevel=\count491
\@quotereset=\count492
LaTeX Font Info:    Trying to load font information for T1+lmss on input line 202.
(/home/balglave/.TinyTeX/texmf-dist/tex/latex/lm/t1lmss.fd
File: t1lmss.fd 2015/05/01 v1.6.1 Font defs for Latin Modern
) (./sp_st_stats_M2.aux)
\openout1 = `sp_st_stats_M2.aux'.

LaTeX Font Info:    Checking defaults for OML/cmm/m/it on input line 202.
LaTeX Font Info:    ... okay on input line 202.
LaTeX Font Info:    Checking defaults for OMS/cmsy/m/n on input line 202.
LaTeX Font Info:    ... okay on input line 202.
LaTeX Font Info:    Checking defaults for OT1/cmr/m/n on input line 202.
LaTeX Font Info:    ... okay on input line 202.
LaTeX Font Info:    Checking defaults for T1/cmr/m/n on input line 202.
LaTeX Font Info:    ... okay on input line 202.
LaTeX Font Info:    Checking defaults for TS1/cmr/m/n on input line 202.
LaTeX Font Info:    ... okay on input line 202.
LaTeX Font Info:    Checking defaults for OMX/cmex/m/n on input line 202.
LaTeX Font Info:    ... okay on input line 202.
LaTeX Font Info:    Checking defaults for U/cmr/m/n on input line 202.
LaTeX Font Info:    ... okay on input line 202.
LaTeX Font Info:    Checking defaults for PD1/pdf/m/n on input line 202.
LaTeX Font Info:    ... okay on input line 202.
LaTeX Font Info:    Checking defaults for PU/pdf/m/n on input line 202.
LaTeX Font Info:    ... okay on input line 202.
*geometry* driver: auto-detecting
*geometry* detected driver: pdftex
*geometry* verbose mode - [ preamble ] result:
* driver: pdftex
* paper: custom
* layout: <same size as paper>
* layoutoffset:(h,v)=(0.0pt,0.0pt)
* modes: includehead includefoot 
* h-part:(L,W,R)=(10.88002pt, 342.43532pt, 10.88002pt)
* v-part:(T,H,B)=(0.0pt, 273.14662pt, 0.0pt)
* \paperwidth=364.19536pt
* \paperheight=273.14662pt
* \textwidth=342.43532pt
* \textheight=244.6939pt
* \oddsidemargin=-61.38997pt
* \evensidemargin=-61.38997pt
* \topmargin=-72.26999pt
* \headheight=14.22636pt
* \headsep=0.0pt
* \topskip=11.0pt
* \footskip=14.22636pt
* \marginparwidth=4.0pt
* \marginparsep=10.0pt
* \columnsep=10.0pt
* \skip\footins=10.0pt plus 4.0pt minus 2.0pt
* \hoffset=0.0pt
* \voffset=0.0pt
* \mag=1000
* \@twocolumnfalse
* \@twosidefalse
* \@mparswitchfalse
* \@reversemarginfalse
* (1in=72.27pt=25.4mm, 1cm=28.453pt)

(/home/balglave/.TinyTeX/texmf-dist/tex/latex/epstopdf-pkg/epstopdf-base.sty
Package: epstopdf-base 2020-01-24 v2.11 Base part for package epstopdf
Package epstopdf-base Info: Redefining graphics rule for `.eps' on input line 485.
(/home/balglave/.TinyTeX/texmf-dist/tex/latex/latexconfig/epstopdf-sys.cfg
File: epstopdf-sys.cfg 2010/07/13 v1.3 Configuration of (r)epstopdf for TeX Live
))
Package hyperref Info: Link coloring OFF on input line 202.
LaTeX Font Info:    Overwriting symbol font `operators' in version `normal'
(Font)                  OT1/lmr/m/n --> OT1/cmss/m/n on input line 202.
LaTeX Font Info:    Overwriting symbol font `operators' in version `bold'
(Font)                  OT1/lmr/bx/n --> OT1/cmss/b/n on input line 202.
LaTeX Font Info:    Overwriting symbol font `operators' in version `normal'
(Font)                  OT1/cmss/m/n --> OT1/lmss/m/n on input line 202.
LaTeX Font Info:    Overwriting symbol font `operators' in version `bold'
(Font)                  OT1/cmss/b/n --> OT1/lmss/b/n on input line 202.
\symnumbers=\mathgroup7
\sympureletters=\mathgroup8
LaTeX Font Info:    Overwriting math alphabet `\mathrm' in version `normal'
(Font)                  OT1/lmss/m/n --> T1/lmr/m/n on input line 202.
LaTeX Font Info:    Redeclaring math alphabet \mathbf on input line 202.
LaTeX Font Info:    Overwriting math alphabet `\mathbf' in version `normal'
(Font)                  OT1/lmr/bx/n --> T1/lmss/b/n on input line 202.
LaTeX Font Info:    Overwriting math alphabet `\mathbf' in version `bold'
(Font)                  OT1/lmr/bx/n --> T1/lmss/b/n on input line 202.
LaTeX Font Info:    Redeclaring math alphabet \mathsf on input line 202.
LaTeX Font Info:    Overwriting math alphabet `\mathsf' in version `normal'
(Font)                  OT1/lmss/m/n --> T1/lmss/m/n on input line 202.
LaTeX Font Info:    Overwriting math alphabet `\mathsf' in version `bold'
(Font)                  OT1/lmss/bx/n --> T1/lmss/m/n on input line 202.
LaTeX Font Info:    Redeclaring math alphabet \mathit on input line 202.
LaTeX Font Info:    Overwriting math alphabet `\mathit' in version `normal'
(Font)                  OT1/lmr/m/it --> T1/lmss/m/it on input line 202.
LaTeX Font Info:    Overwriting math alphabet `\mathit' in version `bold'
(Font)                  OT1/lmr/bx/it --> T1/lmss/m/it on input line 202.
LaTeX Font Info:    Redeclaring math alphabet \mathtt on input line 202.
LaTeX Font Info:    Overwriting math alphabet `\mathtt' in version `normal'
(Font)                  OT1/lmtt/m/n --> T1/lmtt/m/n on input line 202.
LaTeX Font Info:    Overwriting math alphabet `\mathtt' in version `bold'
(Font)                  OT1/lmtt/m/n --> T1/lmtt/m/n on input line 202.
LaTeX Font Info:    Overwriting symbol font `numbers' in version `bold'
(Font)                  T1/lmss/m/n --> T1/lmss/b/n on input line 202.
LaTeX Font Info:    Overwriting symbol font `pureletters' in version `bold'
(Font)                  T1/lmss/m/it --> T1/lmss/b/it on input line 202.
LaTeX Font Info:    Overwriting math alphabet `\mathrm' in version `bold'
(Font)                  OT1/lmss/b/n --> T1/lmr/b/n on input line 202.
LaTeX Font Info:    Overwriting math alphabet `\mathbf' in version `bold'
(Font)                  T1/lmss/b/n --> T1/lmss/b/n on input line 202.
LaTeX Font Info:    Overwriting math alphabet `\mathsf' in version `bold'
(Font)                  T1/lmss/m/n --> T1/lmss/b/n on input line 202.
LaTeX Font Info:    Overwriting math alphabet `\mathit' in version `bold'
(Font)                  T1/lmss/m/it --> T1/lmss/b/it on input line 202.
LaTeX Font Info:    Overwriting math alphabet `\mathtt' in version `bold'
(Font)                  T1/lmtt/m/n --> T1/lmtt/b/n on input line 202.
(/home/balglave/.TinyTeX/texmf-dist/tex/latex/translator/translator-basic-dictionary-English.dict
Dictionary: translator-basic-dictionary, Language: English 
) (/home/balglave/.TinyTeX/texmf-dist/tex/latex/translator/translator-bibliography-dictionary-English.dict
Dictionary: translator-bibliography-dictionary, Language: English 
) (/home/balglave/.TinyTeX/texmf-dist/tex/latex/translator/translator-environment-dictionary-English.dict
Dictionary: translator-environment-dictionary, Language: English 
) (/home/balglave/.TinyTeX/texmf-dist/tex/latex/translator/translator-months-dictionary-English.dict
Dictionary: translator-months-dictionary, Language: English 
) (/home/balglave/.TinyTeX/texmf-dist/tex/latex/translator/translator-numbers-dictionary-English.dict
Dictionary: translator-numbers-dictionary, Language: English 
) (/home/balglave/.TinyTeX/texmf-dist/tex/latex/translator/translator-theorem-dictionary-English.dict
Dictionary: translator-theorem-dictionary, Language: English 
)
Package caption Info: Begin \AtBeginDocument code.
Package caption Info: End \AtBeginDocument code.
Package biblatex Info: Trying to load language 'english'...
Package biblatex Info: ... file 'english.lbx' found.
(/home/balglave/.TinyTeX/texmf-dist/tex/latex/biblatex/lbx/english.lbx
File: english.lbx 2024/03/21 v3.20 biblatex localization (PK/MW)
)
Package biblatex Info: Input encoding 'utf8' detected.
Package biblatex Info: Automatic encoding selection.
(biblatex)             Assuming data encoding 'utf8'.
\openout6 = `sp_st_stats_M2.bcf'.

Package biblatex Info: Trying to load bibliographic data...
Package biblatex Info: ... file 'sp_st_stats_M2.bbl' not found.
No file sp_st_stats_M2.bbl.
Package biblatex Info: Reference section=0 on input line 202.
Package biblatex Info: Reference segment=0 on input line 202.
(./sp_st_stats_M2.nav)
<images/couv.png, id=15, 600.44325pt x 494.44725pt>
File: images/couv.png Graphic file (type png)
<use images/couv.png>
Package pdftex.def Info: images/couv.png  used on input line 203.
(pdftex.def)             Requested size: 126.51825pt x 104.18404pt.


[1

{/home/balglave/.TinyTeX/texmf-var/fonts/map/pdftex/updmap/pdftex.map}{/home/balglave/.TinyTeX/texmf-dist/fonts/enc/dvips/lm/lm-ec.enc} <./images/couv.PNG>]

[2

]

[3

]

[4

]

[5

]
<images/co2.png, id=64, 404.10976pt x 428.19975pt>
File: images/co2.png Graphic file (type png)
<use images/co2.png>
Package pdftex.def Info: images/co2.png  used on input line 238.
(pdftex.def)             Requested size: 205.47046pt x 217.71907pt.

Overfull \vbox (7.03894pt too high) detected at line 238
 []



[6

 <./images/co2.PNG>]
<sp_st_stats_M2_files/figure-beamer/unnamed-chunk-2-1.pdf, id=73, 531.9875pt x 481.8pt>
File: sp_st_stats_M2_files/figure-beamer/unnamed-chunk-2-1.pdf Graphic file (type pdf)
<use sp_st_stats_M2_files/figure-beamer/unnamed-chunk-2-1.pdf>
Package pdftex.def Info: sp_st_stats_M2_files/figure-beamer/unnamed-chunk-2-1.pdf  used on input line 242.
(pdftex.def)             Requested size: 256.82848pt x 232.59937pt.


[7

 <./sp_st_stats_M2_files/figure-beamer/unnamed-chunk-2-1.pdf>]

[8

]

[9

]

[10

]

[11

]
<images/dag_ssm.png, id=118, 1032.0156pt x 675.2427pt>
File: images/dag_ssm.png Graphic file (type png)
<use images/dag_ssm.png>
Package pdftex.def Info: images/dag_ssm.png  used on input line 309.
(pdftex.def)             Requested size: 273.9395pt x 179.23726pt.


[12

 <./images/dag_ssm.png>]
LaTeX Font Info:    Trying to load font information for OT1+lmss on input line 347.
(/home/balglave/.TinyTeX/texmf-dist/tex/latex/lm/ot1lmss.fd
File: ot1lmss.fd 2015/05/01 v1.6.1 Font defs for Latin Modern
)
LaTeX Font Info:    Trying to load font information for OML+lmm on input line 347.
(/home/balglave/.TinyTeX/texmf-dist/tex/latex/lm/omllmm.fd
File: omllmm.fd 2015/05/01 v1.6.1 Font defs for Latin Modern
)
LaTeX Font Info:    Trying to load font information for OMS+lmsy on input line 347.
(/home/balglave/.TinyTeX/texmf-dist/tex/latex/lm/omslmsy.fd
File: omslmsy.fd 2015/05/01 v1.6.1 Font defs for Latin Modern
)
LaTeX Font Info:    Trying to load font information for OMX+lmex on input line 347.
(/home/balglave/.TinyTeX/texmf-dist/tex/latex/lm/omxlmex.fd
File: omxlmex.fd 2015/05/01 v1.6.1 Font defs for Latin Modern
)
LaTeX Font Info:    External font `lmex10' loaded for size
(Font)              <10.95> on input line 347.
LaTeX Font Info:    External font `lmex10' loaded for size
(Font)              <8> on input line 347.
LaTeX Font Info:    External font `lmex10' loaded for size
(Font)              <6> on input line 347.
LaTeX Font Info:    Trying to load font information for U+msa on input line 347.
(/home/balglave/.TinyTeX/texmf-dist/tex/latex/amsfonts/umsa.fd
File: umsa.fd 2013/01/14 v3.01 AMS symbols A
)
LaTeX Font Info:    Trying to load font information for U+msb on input line 347.
(/home/balglave/.TinyTeX/texmf-dist/tex/latex/amsfonts/umsb.fd
File: umsb.fd 2013/01/14 v3.01 AMS symbols B
)
LaTeX Font Info:    Trying to load font information for U+wasy on input line 347.
(/home/balglave/.TinyTeX/texmf-dist/tex/latex/wasysym/uwasy.fd
File: uwasy.fd 2020/01/19 v2.4 Wasy-2 symbol font definitions
)
LaTeX Font Info:    Font shape `T1/lmss/m/it' in size <10.95> not available
(Font)              Font shape `T1/lmss/m/sl' tried instead on input line 347.
LaTeX Font Info:    Font shape `T1/lmss/m/it' in size <8> not available
(Font)              Font shape `T1/lmss/m/sl' tried instead on input line 347.
LaTeX Font Info:    Font shape `T1/lmss/m/it' in size <6> not available
(Font)              Font shape `T1/lmss/m/sl' tried instead on input line 347.
LaTeX Font Info:    Font shape `T1/lmss/b/n' in size <10.95> not available
(Font)              Font shape `T1/lmss/bx/n' tried instead on input line 347.
LaTeX Font Info:    Font shape `T1/lmss/b/n' in size <8> not available
(Font)              Font shape `T1/lmss/bx/n' tried instead on input line 347.
LaTeX Font Info:    Font shape `T1/lmss/b/n' in size <6> not available
(Font)              Font shape `T1/lmss/bx/n' tried instead on input line 347.
LaTeX Font Info:    Font shape `OT1/lmss/b/n' in size <10.95> not available
(Font)              Font shape `OT1/lmss/bx/n' tried instead on input line 347.
LaTeX Font Info:    Font shape `OT1/lmss/b/n' in size <8> not available
(Font)              Font shape `OT1/lmss/bx/n' tried instead on input line 347.
LaTeX Font Info:    Font shape `OT1/lmss/b/n' in size <6> not available
(Font)              Font shape `OT1/lmss/bx/n' tried instead on input line 347.

LaTeX Font Warning: Font shape `U/wasy/b/n' in size <8> not available
(Font)              Font shape `U/wasy/m/n' tried instead on input line 347.


LaTeX Font Warning: Font shape `U/wasy/b/n' in size <6> not available
(Font)              Font shape `U/wasy/m/n' tried instead on input line 347.

LaTeX Font Info:    Font shape `T1/lmss/b/it' in size <10.95> not available
(Font)              Font shape `T1/lmss/bx/it' tried instead on input line 347.
LaTeX Font Info:    Font shape `T1/lmss/bx/it' in size <10.95> not available
(Font)              Font shape `T1/lmss/bx/sl' tried instead on input line 347.
LaTeX Font Info:    Font shape `T1/lmss/b/it' in size <8> not available
(Font)              Font shape `T1/lmss/bx/it' tried instead on input line 347.
LaTeX Font Info:    Font shape `T1/lmss/bx/it' in size <8> not available
(Font)              Font shape `T1/lmss/bx/sl' tried instead on input line 347.
LaTeX Font Info:    Font shape `T1/lmss/b/it' in size <6> not available
(Font)              Font shape `T1/lmss/bx/it' tried instead on input line 347.
LaTeX Font Info:    Font shape `T1/lmss/bx/it' in size <6> not available
(Font)              Font shape `T1/lmss/bx/sl' tried instead on input line 347.


[13

{/home/balglave/.TinyTeX/texmf-dist/fonts/enc/dvips/lm/lm-mathsy.enc}{/home/balglave/.TinyTeX/texmf-dist/fonts/enc/dvips/lm/lm-mathit.enc}{/home/balglave/.TinyTeX/texmf-dist/fonts/enc/dvips/lm/lm-rm.enc}]

[14

]

[15

]

[16

]
<sp_st_stats_M2_files/figure-beamer/unnamed-chunk-4-1.pdf, id=165, 712.6625pt x 495.8525pt>
File: sp_st_stats_M2_files/figure-beamer/unnamed-chunk-4-1.pdf Graphic file (type pdf)
<use sp_st_stats_M2_files/figure-beamer/unnamed-chunk-4-1.pdf>
Package pdftex.def Info: sp_st_stats_M2_files/figure-beamer/unnamed-chunk-4-1.pdf  used on input line 375.
(pdftex.def)             Requested size: 256.81929pt x 178.68834pt.


[17

 <./sp_st_stats_M2_files/figure-beamer/unnamed-chunk-4-1.pdf>]
<sp_st_stats_M2_files/figure-beamer/unnamed-chunk-5-1.pdf, id=182, 517.935pt x 481.8pt>
File: sp_st_stats_M2_files/figure-beamer/unnamed-chunk-5-1.pdf Graphic file (type pdf)
<use sp_st_stats_M2_files/figure-beamer/unnamed-chunk-5-1.pdf>
Package pdftex.def Info: sp_st_stats_M2_files/figure-beamer/unnamed-chunk-5-1.pdf  used on input line 383.
(pdftex.def)             Requested size: 205.46326pt x 191.12862pt.


[18

 <./sp_st_stats_M2_files/figure-beamer/unnamed-chunk-5-1.pdf>]

[19

]
<sp_st_stats_M2_files/figure-beamer/unnamed-chunk-7-1.pdf, id=209, 706.64pt x 235.88126pt>
File: sp_st_stats_M2_files/figure-beamer/unnamed-chunk-7-1.pdf Graphic file (type pdf)
<use sp_st_stats_M2_files/figure-beamer/unnamed-chunk-7-1.pdf>
Package pdftex.def Info: sp_st_stats_M2_files/figure-beamer/unnamed-chunk-7-1.pdf  used on input line 429.
(pdftex.def)             Requested size: 342.43964pt x 114.30869pt.


[20

{/home/balglave/.TinyTeX/texmf-dist/fonts/enc/dvips/lm/lm-mathex.enc} <./sp_st_stats_M2_files/figure-beamer/unnamed-chunk-7-1.pdf>]

[21

]
LaTeX Font Info:    External font `lmex10' loaded for size
(Font)              <9> on input line 493.
LaTeX Font Info:    External font `lmex10' loaded for size
(Font)              <5> on input line 493.
LaTeX Font Info:    Font shape `T1/lmss/b/n' in size <9> not available
(Font)              Font shape `T1/lmss/bx/n' tried instead on input line 493.
LaTeX Font Info:    Font shape `T1/lmss/b/n' in size <5> not available
(Font)              Font shape `T1/lmss/bx/n' tried instead on input line 493.
LaTeX Font Info:    Font shape `T1/lmss/m/it' in size <9> not available
(Font)              Font shape `T1/lmss/m/sl' tried instead on input line 493.
LaTeX Font Info:    Font shape `T1/lmss/m/it' in size <5> not available
(Font)              Font shape `T1/lmss/m/sl' tried instead on input line 493.
LaTeX Font Info:    Trying to load font information for T1+lmr on input line 493.
(/home/balglave/.TinyTeX/texmf-dist/tex/latex/lm/t1lmr.fd
File: t1lmr.fd 2015/05/01 v1.6.1 Font defs for Latin Modern
)
<images/cov_image.png, id=236, 321.2pt x 963.6pt>
File: images/cov_image.png Graphic file (type png)
<use images/cov_image.png>
Package pdftex.def Info: images/cov_image.png  used on input line 493.
(pdftex.def)             Requested size: 85.35774pt x 256.07324pt.


[22

 <./images/cov_image.png>]
File: images/cov_image.png Graphic file (type png)
<use images/cov_image.png>
Package pdftex.def Info: images/cov_image.png  used on input line 493.
(pdftex.def)             Requested size: 85.35774pt x 256.07324pt.


[23

]
File: images/cov_image.png Graphic file (type png)
<use images/cov_image.png>
Package pdftex.def Info: images/cov_image.png  used on input line 493.
(pdftex.def)             Requested size: 85.35774pt x 256.07324pt.


[24

]

[25

]
<sp_st_stats_M2_files/figure-beamer/unnamed-chunk-8-1.pdf, id=271, 605.26125pt x 499.8675pt>
File: sp_st_stats_M2_files/figure-beamer/unnamed-chunk-8-1.pdf Graphic file (type pdf)
<use sp_st_stats_M2_files/figure-beamer/unnamed-chunk-8-1.pdf>
Package pdftex.def Info: sp_st_stats_M2_files/figure-beamer/unnamed-chunk-8-1.pdf  used on input line 529.
(pdftex.def)             Requested size: 239.69896pt x 197.96034pt.


[26

 <./sp_st_stats_M2_files/figure-beamer/unnamed-chunk-8-1.pdf>]
LaTeX Font Info:    Font shape `OT1/lmss/b/n' in size <5> not available
(Font)              Font shape `OT1/lmss/bx/n' tried instead on input line 570.

LaTeX Font Warning: Font shape `U/wasy/b/n' in size <5> not available
(Font)              Font shape `U/wasy/m/n' tried instead on input line 570.

LaTeX Font Info:    Font shape `T1/lmss/b/it' in size <5> not available
(Font)              Font shape `T1/lmss/bx/it' tried instead on input line 570.
LaTeX Font Info:    Font shape `T1/lmss/bx/it' in size <5> not available
(Font)              Font shape `T1/lmss/bx/sl' tried instead on input line 570.
LaTeX Font Info:    External font `lmex10' loaded for size
(Font)              <10> on input line 570.
LaTeX Font Info:    External font `lmex10' loaded for size
(Font)              <7> on input line 570.
LaTeX Font Info:    Font shape `T1/lmss/b/n' in size <10> not available
(Font)              Font shape `T1/lmss/bx/n' tried instead on input line 570.
LaTeX Font Info:    Font shape `T1/lmss/b/n' in size <7> not available
(Font)              Font shape `T1/lmss/bx/n' tried instead on input line 570.
LaTeX Font Info:    Font shape `T1/lmss/m/it' in size <10> not available
(Font)              Font shape `T1/lmss/m/sl' tried instead on input line 570.
LaTeX Font Info:    Font shape `T1/lmss/m/it' in size <7> not available
(Font)              Font shape `T1/lmss/m/sl' tried instead on input line 570.
LaTeX Font Info:    Font shape `OT1/lmss/b/n' in size <10> not available
(Font)              Font shape `OT1/lmss/bx/n' tried instead on input line 570.
LaTeX Font Info:    Font shape `OT1/lmss/b/n' in size <7> not available
(Font)              Font shape `OT1/lmss/bx/n' tried instead on input line 570.

LaTeX Font Warning: Font shape `U/wasy/b/n' in size <7> not available
(Font)              Font shape `U/wasy/m/n' tried instead on input line 570.

LaTeX Font Info:    Font shape `T1/lmss/b/it' in size <10> not available
(Font)              Font shape `T1/lmss/bx/it' tried instead on input line 570.
LaTeX Font Info:    Font shape `T1/lmss/bx/it' in size <10> not available
(Font)              Font shape `T1/lmss/bx/sl' tried instead on input line 570.
LaTeX Font Info:    Font shape `T1/lmss/b/it' in size <7> not available
(Font)              Font shape `T1/lmss/bx/it' tried instead on input line 570.
LaTeX Font Info:    Font shape `T1/lmss/bx/it' in size <7> not available
(Font)              Font shape `T1/lmss/bx/sl' tried instead on input line 570.


[27

]

[28

]

[29

]
<images/covariogram.png, id=311, 554.67226pt x 474.573pt>
File: images/covariogram.png Graphic file (type png)
<use images/covariogram.png>
Package pdftex.def Info: images/covariogram.png  used on input line 649.
(pdftex.def)             Requested size: 273.95pt x 234.38936pt.


[30

 <./images/covariogram.png>]
<sp_st_stats_M2_files/figure-beamer/Map the data-1.pdf, id=320, 689.57625pt x 431.6125pt>
File: sp_st_stats_M2_files/figure-beamer/Map the data-1.pdf Graphic file (type pdf)
<use sp_st_stats_M2_files/figure-beamer/Map the data-1.pdf>
Package pdftex.def Info: sp_st_stats_M2_files/figure-beamer/Map the data-1.pdf  used on input line 657.
(pdftex.def)             Requested size: 342.44084pt x 214.33707pt.


[31

 <./sp_st_stats_M2_files/figure-beamer/Map the data-1.pdf>]
<sp_st_stats_M2_files/figure-beamer/Create mesh-1.pdf, id=339, 689.57625pt x 431.6125pt>
File: sp_st_stats_M2_files/figure-beamer/Create mesh-1.pdf Graphic file (type pdf)
<use sp_st_stats_M2_files/figure-beamer/Create mesh-1.pdf>
Package pdftex.def Info: sp_st_stats_M2_files/figure-beamer/Create mesh-1.pdf  used on input line 662.
(pdftex.def)             Requested size: 342.44084pt x 214.33707pt.


[32

 <./sp_st_stats_M2_files/figure-beamer/Create mesh-1.pdf>]
\openout4 = `sp_st_stats_M2.vrb'.

(./sp_st_stats_M2.vrb
LaTeX Font Info:    Trying to load font information for T1+lmtt on input line 6.
(/home/balglave/.TinyTeX/texmf-dist/tex/latex/lm/t1lmtt.fd
File: t1lmtt.fd 2015/05/01 v1.6.1 Font defs for Latin Modern
)
LaTeX Font Info:    Font shape `T1/lmtt/bx/n' in size <10> not available
(Font)              Font shape `T1/lmtt/b/n' tried instead on input line 7.
)

[33

]
\openout4 = `sp_st_stats_M2.vrb'.

(./sp_st_stats_M2.vrb)

[34

]
\openout4 = `sp_st_stats_M2.vrb'.

(./sp_st_stats_M2.vrb)

[35

]
\openout4 = `sp_st_stats_M2.vrb'.

(./sp_st_stats_M2.vrb)
Overfull \vbox (42.85318pt too high) detected at line 790
 []



[36

]
\openout4 = `sp_st_stats_M2.vrb'.

(./sp_st_stats_M2.vrb
LaTeX Font Info:    Font shape `T1/lmtt/bx/n' in size <6> not available
(Font)              Font shape `T1/lmtt/b/n' tried instead on input line 12.
LaTeX Font Info:    Trying to load font information for TS1+lmtt on input line 24.
(/home/balglave/.TinyTeX/texmf-dist/tex/latex/lm/ts1lmtt.fd
File: ts1lmtt.fd 2015/05/01 v1.6.1 Font defs for Latin Modern
))
Overfull \vbox (0.2501pt too high) detected at line 832
 []



[37

{/home/balglave/.TinyTeX/texmf-dist/fonts/enc/dvips/lm/lm-ts1.enc}]
\openout4 = `sp_st_stats_M2.vrb'.

(./sp_st_stats_M2.vrb)

[38

]
<sp_st_stats_M2_files/figure-beamer/Looking at prediction mean values-1.pdf, id=413, 691.58376pt x 431.6125pt>
File: sp_st_stats_M2_files/figure-beamer/Looking at prediction mean values-1.pdf Graphic file (type pdf)
<use sp_st_stats_M2_files/figure-beamer/Looking at prediction mean values-1.pdf>
Package pdftex.def Info: sp_st_stats_M2_files/figure-beamer/Looking at prediction mean values-1.pdf  used on input line 868.
(pdftex.def)             Requested size: 342.43526pt x 213.71141pt.


[39

 <./sp_st_stats_M2_files/figure-beamer/Looking at prediction mean values-1.pdf>]
<sp_st_stats_M2_files/figure-beamer/Looking at prediction standard deviation-1.pdf, id=428, 684.5575pt x 431.6125pt>
File: sp_st_stats_M2_files/figure-beamer/Looking at prediction standard deviation-1.pdf Graphic file (type pdf)
<use sp_st_stats_M2_files/figure-beamer/Looking at prediction standard deviation-1.pdf>
Package pdftex.def Info: sp_st_stats_M2_files/figure-beamer/Looking at prediction standard deviation-1.pdf  used on input line 872.
(pdftex.def)             Requested size: 342.44502pt x 215.91109pt.


[40

 <./sp_st_stats_M2_files/figure-beamer/Looking at prediction standard deviation-1.pdf>]
<sp_st_stats_M2_files/figure-beamer/Looking at Residuals-1.pdf, id=443, 688.5725pt x 463.7325pt>
File: sp_st_stats_M2_files/figure-beamer/Looking at Residuals-1.pdf Graphic file (type pdf)
<use sp_st_stats_M2_files/figure-beamer/Looking at Residuals-1.pdf>
Package pdftex.def Info: sp_st_stats_M2_files/figure-beamer/Looking at Residuals-1.pdf  used on input line 876.
(pdftex.def)             Requested size: 342.4362pt x 230.6203pt.


[41

 <./sp_st_stats_M2_files/figure-beamer/Looking at Residuals-1.pdf>]
<images/semivariogram.png, id=459, 716.07526pt x 411.33675pt>
File: images/semivariogram.png Graphic file (type png)
<use images/semivariogram.png>
Package pdftex.def Info: images/semivariogram.png  used on input line 889.
(pdftex.def)             Requested size: 342.43382pt x 196.70505pt.

Overfull \vbox (2.36241pt too high) detected at line 889
 []



[42

 <./images/semivariogram.png>]
<images/semivariogram_eq.png, id=468, 563.706pt x 505.89pt>
File: images/semivariogram_eq.png Graphic file (type png)
<use images/semivariogram_eq.png>
Package pdftex.def Info: images/semivariogram_eq.png  used on input line 896.
(pdftex.def)             Requested size: 256.83069pt x 230.48907pt.


[43

 <./images/semivariogram_eq.png>]
<sp_st_stats_M2_files/figure-beamer/unnamed-chunk-11-1.pdf, id=478, 429.605pt x 498.86375pt>
File: sp_st_stats_M2_files/figure-beamer/unnamed-chunk-11-1.pdf Graphic file (type pdf)
<use sp_st_stats_M2_files/figure-beamer/unnamed-chunk-11-1.pdf>
Package pdftex.def Info: sp_st_stats_M2_files/figure-beamer/unnamed-chunk-11-1.pdf  used on input line 902.
(pdftex.def)             Requested size: 224.32016pt x 260.48393pt.

Overfull \vbox (25.34128pt too high) detected at line 902
 []



[44

 <./sp_st_stats_M2_files/figure-beamer/unnamed-chunk-11-1.pdf>]

[45

]

[46

]

[47

]

[48

]
<images/plot_separability.png, id=522, 513.71925pt x 174.05025pt>
File: images/plot_separability.png Graphic file (type png)
<use images/plot_separability.png>
Package pdftex.def Info: images/plot_separability.png  used on input line 983.
(pdftex.def)             Requested size: 308.20256pt x 104.42032pt.


[49

 <./images/plot_separability.png>]
File: images/plot_separability.png Graphic file (type png)
<use images/plot_separability.png>
Package pdftex.def Info: images/plot_separability.png  used on input line 983.
(pdftex.def)             Requested size: 308.20256pt x 104.42032pt.


[50

]
<sp_st_stats_M2_files/figure-beamer/unnamed-chunk-12-1.pdf, id=538, 610.28pt x 402.50375pt>
File: sp_st_stats_M2_files/figure-beamer/unnamed-chunk-12-1.pdf Graphic file (type pdf)
<use sp_st_stats_M2_files/figure-beamer/unnamed-chunk-12-1.pdf>
Package pdftex.def Info: sp_st_stats_M2_files/figure-beamer/unnamed-chunk-12-1.pdf  used on input line 996.
(pdftex.def)             Requested size: 239.70303pt x 158.09361pt.


[51

 <./sp_st_stats_M2_files/figure-beamer/unnamed-chunk-12-1.pdf>]
<sp_st_stats_M2_files/figure-beamer/unnamed-chunk-14-1.pdf, id=555, 720.6925pt x 501.875pt>
File: sp_st_stats_M2_files/figure-beamer/unnamed-chunk-14-1.pdf Graphic file (type pdf)
<use sp_st_stats_M2_files/figure-beamer/unnamed-chunk-14-1.pdf>
Package pdftex.def Info: sp_st_stats_M2_files/figure-beamer/unnamed-chunk-14-1.pdf  used on input line 1005.
(pdftex.def)             Requested size: 308.18723pt x 214.61505pt.


[52

 <./sp_st_stats_M2_files/figure-beamer/unnamed-chunk-14-1.pdf>]
<sp_st_stats_M2_files/figure-beamer/unnamed-chunk-15-1.pdf, id=570, 703.62875pt x 499.8675pt>
File: sp_st_stats_M2_files/figure-beamer/unnamed-chunk-15-1.pdf Graphic file (type pdf)
<use sp_st_stats_M2_files/figure-beamer/unnamed-chunk-15-1.pdf>
Package pdftex.def Info: sp_st_stats_M2_files/figure-beamer/unnamed-chunk-15-1.pdf  used on input line 1014.
(pdftex.def)             Requested size: 308.18039pt x 218.93556pt.

Overfull \vbox (0.78456pt too high) detected at line 1014
 []



[53

 <./sp_st_stats_M2_files/figure-beamer/unnamed-chunk-15-1.pdf>]

[54

]

[55

]

[56

]

[57

]

[58

]

[59

]

[60

]

[61

]

[62

]
<images/scheme_bayesien_2.png, id=649, 565.11125pt x 410.53375pt>
File: images/scheme_bayesien_2.png Graphic file (type png)
<use images/scheme_bayesien_2.png>
Package pdftex.def Info: images/scheme_bayesien_2.png  used on input line 1123.
(pdftex.def)             Requested size: 156.48824pt x 113.68329pt.


[63

 <./images/scheme_bayesien_2.png (PNG copy)>]
<images/gaussian_laplace.png, id=658, 397.485pt x 350.05782pt>
File: images/gaussian_laplace.png Graphic file (type png)
<use images/gaussian_laplace.png>
Package pdftex.def Info: images/gaussian_laplace.png  used on input line 1168.
(pdftex.def)             Requested size: 142.26357pt x 125.28893pt.

Overfull \vbox (0.63795pt too high) detected at line 1168
 []



[64

 <./images/gaussian_laplace.png>]
File: images/gaussian_laplace.png Graphic file (type png)
<use images/gaussian_laplace.png>
Package pdftex.def Info: images/gaussian_laplace.png  used on input line 1168.
(pdftex.def)             Requested size: 142.26357pt x 125.28893pt.

Overfull \vbox (0.63795pt too high) detected at line 1168
 []



[65

]

[66

]
<images/anistropy.png, id=684, 413.1435pt x 420.97275pt>
File: images/anistropy.png Graphic file (type png)
<use images/anistropy.png>
Package pdftex.def Info: images/anistropy.png  used on input line 1227.
(pdftex.def)             Requested size: 101.7033pt x 103.63062pt.
<images/non_stationarity.png, id=685, 443.256pt x 438.438pt>
File: images/non_stationarity.png Graphic file (type png)
<use images/non_stationarity.png>
Package pdftex.def Info: images/non_stationarity.png  used on input line 1227.
(pdftex.def)             Requested size: 101.70325pt x 100.59776pt.

Overfull \hbox (1.71591pt too wide) detected at line 1227
\T1/lmss/bx/n/6 Y[] \OT1/lmss/m/n/6 = \T1/lmss/bx/n/6 M [] Y[] \OT1/lmss/m/n/6 + \T1/lmss/bx/n/6 M[] [] Y[] \OT1/lmss/m/n/6 + [][]
 []

<images/dyn_mod.png, id=686, 265.59225pt x 235.47975pt>
File: images/dyn_mod.png Graphic file (type png)
<use images/dyn_mod.png>
Package pdftex.def Info: images/dyn_mod.png  used on input line 1227.
(pdftex.def)             Requested size: 101.7042pt x 90.17311pt.


[67

 <./images/anistropy.PNG> <./images/non_stationarity.PNG> <./images/dyn_mod.PNG>]
<images/book_rinla_4.jpg, id=699, 1606.0pt x 2562.57375pt>
File: images/book_rinla_4.jpg Graphic file (type jpg)
<use images/book_rinla_4.jpg>
Package pdftex.def Info: images/book_rinla_4.jpg  used on input line 1258.
(pdftex.def)             Requested size: 85.35284pt x 136.19113pt.
<images/book_rinla_3.jpg, id=700, 322.20375pt x 501.875pt>
File: images/book_rinla_3.jpg Graphic file (type jpg)
<use images/book_rinla_3.jpg>
Package pdftex.def Info: images/book_rinla_3.jpg  used on input line 1258.
(pdftex.def)             Requested size: 85.359pt x 132.95795pt.
<images/book_rinla_1.jpg, id=701, 296.10625pt x 446.66875pt>
File: images/book_rinla_1.jpg Graphic file (type jpg)
<use images/book_rinla_1.jpg>
Package pdftex.def Info: images/book_rinla_1.jpg  used on input line 1258.
(pdftex.def)             Requested size: 85.35805pt x 128.76045pt.


[68

 <./images/book_rinla_4.jpg> <./images/book_rinla_3.jpg> <./images/book_rinla_1.jpg>]

[69

]

[70

]
\tf@nav=\write7
\openout7 = `sp_st_stats_M2.nav'.

\tf@toc=\write8
\openout8 = `sp_st_stats_M2.toc'.

\tf@snm=\write9
\openout9 = `sp_st_stats_M2.snm'.


Package caption Warning: Unused \captionsetup[figure] on input line 153.
See the caption package documentation for explanation.

(./sp_st_stats_M2.aux)
 ***********
LaTeX2e <2024-11-01> patch level 1
L3 programming layer <2024-11-02>
 ***********
Package logreq Info: Writing requests to 'sp_st_stats_M2.run.xml'.
\openout1 = `sp_st_stats_M2.run.xml'.

 ) 
Here is how much of TeX's memory you used:
 33329 strings out of 475247
 650189 string characters out of 5767524
 1436597 words of memory out of 5000000
 55409 multiletter control sequences out of 15000+600000
 711421 words of font info for 150 fonts, out of 8000000 for 9000
 36 hyphenation exceptions out of 8191
 101i,15n,107p,730b,1761s stack positions out of 10000i,1000n,20000p,200000b,200000s
</home/balglave/.TinyTeX/texmf-dist/fonts/type1/public/lm/lmex10.pfb></home/balglave/.TinyTeX/texmf-dist/fonts/type1/public/lm/lmmi10.pfb></home/balglave/.TinyTeX/texmf-dist/fonts/type1/public/lm/lmmi5.pfb></home/balglave/.TinyTeX/texmf-dist/fonts/type1/public/lm/lmmi6.pfb></home/balglave/.TinyTeX/texmf-dist/fonts/type1/public/lm/lmmi8.pfb></home/balglave/.TinyTeX/texmf-dist/fonts/type1/public/lm/lmmi9.pfb></home/balglave/.TinyTeX/texmf-dist/fonts/type1/public/lm/lmmib10.pfb></home/balglave/.TinyTeX/texmf-dist/fonts/type1/public/lm/lmmib7.pfb></home/balglave/.TinyTeX/texmf-dist/fonts/type1/public/lm/lmr9.pfb></home/balglave/.TinyTeX/texmf-dist/fonts/type1/public/lm/lmss10.pfb></home/balglave/.TinyTeX/texmf-dist/fonts/type1/public/lm/lmss12.pfb></home/balglave/.TinyTeX/texmf-dist/fonts/type1/public/lm/lmss8.pfb></home/balglave/.TinyTeX/texmf-dist/fonts/type1/public/lm/lmss9.pfb></home/balglave/.TinyTeX/texmf-dist/fonts/type1/public/lm/lmssbx10.pfb></home/balglave/.TinyTeX/texmf-dist/fonts/type1/public/lm/lmsso10.pfb></home/balglave/.TinyTeX/texmf-dist/fonts/type1/public/lm/lmsso8.pfb></home/balglave/.TinyTeX/texmf-dist/fonts/type1/public/lm/lmsso9.pfb></home/balglave/.TinyTeX/texmf-dist/fonts/type1/public/lm/lmsy10.pfb></home/balglave/.TinyTeX/texmf-dist/fonts/type1/public/lm/lmsy5.pfb></home/balglave/.TinyTeX/texmf-dist/fonts/type1/public/lm/lmsy6.pfb></home/balglave/.TinyTeX/texmf-dist/fonts/type1/public/lm/lmsy7.pfb></home/balglave/.TinyTeX/texmf-dist/fonts/type1/public/lm/lmsy8.pfb></home/balglave/.TinyTeX/texmf-dist/fonts/type1/public/lm/lmsy9.pfb></home/balglave/.TinyTeX/texmf-dist/fonts/type1/public/lm/lmtk10.pfb></home/balglave/.TinyTeX/texmf-dist/fonts/type1/public/lm/lmtt10.pfb></home/balglave/.TinyTeX/texmf-dist/fonts/type1/public/lm/lmtt8.pfb></home/balglave/.TinyTeX/texmf-dist/fonts/type1/public/lm/lmtti10.pfb></home/balglave/.TinyTeX/texmf-dist/fonts/type1/public/amsfonts/symbols/msam7.pfb></home/balglave/.TinyTeX/texmf-dist/fonts/type1/public/amsfonts/symbols/msbm10.pfb></home/balglave/.TinyTeX/texmf-dist/fonts/type1/urw/zapfding/uzdr.pfb>
Output written on sp_st_stats_M2.pdf (70 pages, 15244149 bytes).
PDF statistics:
 952 PDF objects out of 1000 (max. 8388607)
 670 compressed objects within 7 object streams
 162 named destinations out of 1000 (max. 500000)
 325 words of extra memory for PDF output out of 10000 (max. 10000000)

